<?xml version="1.0" encoding="UTF-8"?>
<testng-results ignored="0" total="1" passed="1" failed="0" skipped="0">
  <reporter-output>
    <line>
      <![CDATA[hi]]>
    </line>
  </reporter-output>
  <suite started-at="2022-11-09T10:05:09 IST" name="Default suite" finished-at="2022-11-09T10:05:10 IST" duration-ms="141">
    <groups>
    </groups>
    <test started-at="2022-11-09T10:05:09 IST" name="Default test" finished-at="2022-11-09T10:05:10 IST" duration-ms="141">
      <class name="test_NG_programs.Test_ng_prgm">
        <test-method signature="m1()[pri:0, instance:test_NG_programs.Test_ng_prgm@4d0f2471]" started-at="2022-11-09T10:05:10 IST" name="m1" finished-at="2022-11-09T10:05:10 IST" duration-ms="20" status="PASS">
          <reporter-output>
            <line>
              <![CDATA[hi]]>
            </line>
          </reporter-output>
        </test-method> <!-- m1 -->
      </class> <!-- test_NG_programs.Test_ng_prgm -->
    </test> <!-- Default test -->
  </suite> <!-- Default suite -->
</testng-results>
